----------------------------------------------------------------
Thu Sep 28 14:07:45 EEST 2023:
Booting Derby version The Apache Software Foundation - Apache Derby - 10.12.1.1 - (1704137): instance a816c00e-018a-db79-26cd-000007262880 
on database directory memory:/home/user/r2rml/testing with class loader jdk.internal.loader.ClassLoaders$AppClassLoader@1698c449 
Loaded from file:/home/user/.m2/repository/org/apache/derby/derby/10.12.1.1/derby-10.12.1.1.jar
java.vendor=Private Build
java.runtime.version=18.0.2-ea+9-Ubuntu-222.04
user.dir=/home/user/r2rml
os.name=Linux
os.arch=amd64
os.version=5.15.0-84-generic
derby.system.home=null
Database Class Loader started - derby.database.classpath=''
----------------------------------------------------------------
Thu Sep 28 14:07:52 EEST 2023:
Shutting down instance a816c00e-018a-db79-26cd-000007262880 on database directory memory:/home/user/r2rml/testing with class loader jdk.internal.loader.ClassLoaders$AppClassLoader@1698c449 
----------------------------------------------------------------
Thu Sep 28 14:07:52 EEST 2023:
Booting Derby version The Apache Software Foundation - Apache Derby - 10.12.1.1 - (1704137): instance df1940da-018a-db79-26cd-000007262880 
on database directory memory:/home/user/r2rml/testing with class loader jdk.internal.loader.ClassLoaders$AppClassLoader@1698c449 
Loaded from file:/home/user/.m2/repository/org/apache/derby/derby/10.12.1.1/derby-10.12.1.1.jar
java.vendor=Private Build
java.runtime.version=18.0.2-ea+9-Ubuntu-222.04
user.dir=/home/user/r2rml
os.name=Linux
os.arch=amd64
os.version=5.15.0-84-generic
derby.system.home=null
Database Class Loader started - derby.database.classpath=''
----------------------------------------------------------------
Thu Sep 28 14:07:54 EEST 2023:
Shutting down instance df1940da-018a-db79-26cd-000007262880 on database directory memory:/home/user/r2rml/testing with class loader jdk.internal.loader.ClassLoaders$AppClassLoader@1698c449 
----------------------------------------------------------------
Thu Sep 28 14:07:54 EEST 2023:
Booting Derby version The Apache Software Foundation - Apache Derby - 10.12.1.1 - (1704137): instance 3ebfc1a6-018a-db79-26cd-000007262880 
on database directory memory:/home/user/r2rml/testing with class loader jdk.internal.loader.ClassLoaders$AppClassLoader@1698c449 
Loaded from file:/home/user/.m2/repository/org/apache/derby/derby/10.12.1.1/derby-10.12.1.1.jar
java.vendor=Private Build
java.runtime.version=18.0.2-ea+9-Ubuntu-222.04
user.dir=/home/user/r2rml
os.name=Linux
os.arch=amd64
os.version=5.15.0-84-generic
derby.system.home=null
Database Class Loader started - derby.database.classpath=''
----------------------------------------------------------------
Thu Sep 28 14:07:55 EEST 2023:
Shutting down instance 3ebfc1a6-018a-db79-26cd-000007262880 on database directory memory:/home/user/r2rml/testing with class loader jdk.internal.loader.ClassLoaders$AppClassLoader@1698c449 
----------------------------------------------------------------
Thu Sep 28 14:07:56 EEST 2023:
Booting Derby version The Apache Software Foundation - Apache Derby - 10.12.1.1 - (1704137): instance c70a4272-018a-db79-26cd-000007262880 
on database directory memory:/home/user/r2rml/testing with class loader jdk.internal.loader.ClassLoaders$AppClassLoader@1698c449 
Loaded from file:/home/user/.m2/repository/org/apache/derby/derby/10.12.1.1/derby-10.12.1.1.jar
java.vendor=Private Build
java.runtime.version=18.0.2-ea+9-Ubuntu-222.04
user.dir=/home/user/r2rml
os.name=Linux
os.arch=amd64
os.version=5.15.0-84-generic
derby.system.home=null
Database Class Loader started - derby.database.classpath=''
----------------------------------------------------------------
Thu Sep 28 14:07:56 EEST 2023:
Shutting down instance c70a4272-018a-db79-26cd-000007262880 on database directory memory:/home/user/r2rml/testing with class loader jdk.internal.loader.ClassLoaders$AppClassLoader@1698c449 
----------------------------------------------------------------
Thu Sep 28 14:07:57 EEST 2023:
Booting Derby version The Apache Software Foundation - Apache Derby - 10.12.1.1 - (1704137): instance 77f8c33e-018a-db79-26cd-000007262880 
on database directory memory:/home/user/r2rml/testing with class loader jdk.internal.loader.ClassLoaders$AppClassLoader@1698c449 
Loaded from file:/home/user/.m2/repository/org/apache/derby/derby/10.12.1.1/derby-10.12.1.1.jar
java.vendor=Private Build
java.runtime.version=18.0.2-ea+9-Ubuntu-222.04
user.dir=/home/user/r2rml
os.name=Linux
os.arch=amd64
os.version=5.15.0-84-generic
derby.system.home=null
Database Class Loader started - derby.database.classpath=''
----------------------------------------------------------------
Thu Sep 28 14:07:57 EEST 2023:
Shutting down instance 77f8c33e-018a-db79-26cd-000007262880 on database directory memory:/home/user/r2rml/testing with class loader jdk.internal.loader.ClassLoaders$AppClassLoader@1698c449 
----------------------------------------------------------------
Thu Sep 28 14:07:58 EEST 2023:
Booting Derby version The Apache Software Foundation - Apache Derby - 10.12.1.1 - (1704137): instance 518b440a-018a-db79-26cd-000007262880 
on database directory memory:/home/user/r2rml/testing with class loader jdk.internal.loader.ClassLoaders$AppClassLoader@1698c449 
Loaded from file:/home/user/.m2/repository/org/apache/derby/derby/10.12.1.1/derby-10.12.1.1.jar
java.vendor=Private Build
java.runtime.version=18.0.2-ea+9-Ubuntu-222.04
user.dir=/home/user/r2rml
os.name=Linux
os.arch=amd64
os.version=5.15.0-84-generic
derby.system.home=null
Database Class Loader started - derby.database.classpath=''
----------------------------------------------------------------
Thu Sep 28 14:07:58 EEST 2023:
Shutting down instance 518b440a-018a-db79-26cd-000007262880 on database directory memory:/home/user/r2rml/testing with class loader jdk.internal.loader.ClassLoaders$AppClassLoader@1698c449 
----------------------------------------------------------------
Thu Sep 28 14:07:59 EEST 2023:
Booting Derby version The Apache Software Foundation - Apache Derby - 10.12.1.1 - (1704137): instance b89944da-018a-db79-26cd-000007262880 
on database directory memory:/home/user/r2rml/testing with class loader jdk.internal.loader.ClassLoaders$AppClassLoader@1698c449 
Loaded from file:/home/user/.m2/repository/org/apache/derby/derby/10.12.1.1/derby-10.12.1.1.jar
java.vendor=Private Build
java.runtime.version=18.0.2-ea+9-Ubuntu-222.04
user.dir=/home/user/r2rml
os.name=Linux
os.arch=amd64
os.version=5.15.0-84-generic
derby.system.home=null
Database Class Loader started - derby.database.classpath=''
----------------------------------------------------------------
Thu Sep 28 14:07:59 EEST 2023:
Shutting down instance b89944da-018a-db79-26cd-000007262880 on database directory memory:/home/user/r2rml/testing with class loader jdk.internal.loader.ClassLoaders$AppClassLoader@1698c449 
----------------------------------------------------------------
Thu Sep 28 14:08:00 EEST 2023:
Booting Derby version The Apache Software Foundation - Apache Derby - 10.12.1.1 - (1704137): instance e43fc5a6-018a-db79-26cd-000007262880 
on database directory memory:/home/user/r2rml/testing with class loader jdk.internal.loader.ClassLoaders$AppClassLoader@1698c449 
Loaded from file:/home/user/.m2/repository/org/apache/derby/derby/10.12.1.1/derby-10.12.1.1.jar
java.vendor=Private Build
java.runtime.version=18.0.2-ea+9-Ubuntu-222.04
user.dir=/home/user/r2rml
os.name=Linux
os.arch=amd64
os.version=5.15.0-84-generic
derby.system.home=null
Database Class Loader started - derby.database.classpath=''
----------------------------------------------------------------
Thu Sep 28 14:08:00 EEST 2023:
Shutting down instance e43fc5a6-018a-db79-26cd-000007262880 on database directory memory:/home/user/r2rml/testing with class loader jdk.internal.loader.ClassLoaders$AppClassLoader@1698c449 
----------------------------------------------------------------
Thu Sep 28 14:08:01 EEST 2023:
Booting Derby version The Apache Software Foundation - Apache Derby - 10.12.1.1 - (1704137): instance 388a4672-018a-db79-26cd-000007262880 
on database directory memory:/home/user/r2rml/testing with class loader jdk.internal.loader.ClassLoaders$AppClassLoader@1698c449 
Loaded from file:/home/user/.m2/repository/org/apache/derby/derby/10.12.1.1/derby-10.12.1.1.jar
java.vendor=Private Build
java.runtime.version=18.0.2-ea+9-Ubuntu-222.04
user.dir=/home/user/r2rml
os.name=Linux
os.arch=amd64
os.version=5.15.0-84-generic
derby.system.home=null
Database Class Loader started - derby.database.classpath=''
----------------------------------------------------------------
Thu Sep 28 14:08:01 EEST 2023:
Shutting down instance 388a4672-018a-db79-26cd-000007262880 on database directory memory:/home/user/r2rml/testing with class loader jdk.internal.loader.ClassLoaders$AppClassLoader@1698c449 
----------------------------------------------------------------
Thu Sep 28 14:08:02 EEST 2023:
Booting Derby version The Apache Software Foundation - Apache Derby - 10.12.1.1 - (1704137): instance b578c73e-018a-db79-26cd-000007262880 
on database directory memory:/home/user/r2rml/testing with class loader jdk.internal.loader.ClassLoaders$AppClassLoader@1698c449 
Loaded from file:/home/user/.m2/repository/org/apache/derby/derby/10.12.1.1/derby-10.12.1.1.jar
java.vendor=Private Build
java.runtime.version=18.0.2-ea+9-Ubuntu-222.04
user.dir=/home/user/r2rml
os.name=Linux
os.arch=amd64
os.version=5.15.0-84-generic
derby.system.home=null
Database Class Loader started - derby.database.classpath=''
----------------------------------------------------------------
Thu Sep 28 14:08:02 EEST 2023:
Shutting down instance b578c73e-018a-db79-26cd-000007262880 on database directory memory:/home/user/r2rml/testing with class loader jdk.internal.loader.ClassLoaders$AppClassLoader@1698c449 
----------------------------------------------------------------
Thu Sep 28 14:08:03 EEST 2023:
Booting Derby version The Apache Software Foundation - Apache Derby - 10.12.1.1 - (1704137): instance 5b0b480a-018a-db79-26cd-000007262880 
on database directory memory:/home/user/r2rml/testing with class loader jdk.internal.loader.ClassLoaders$AppClassLoader@1698c449 
Loaded from file:/home/user/.m2/repository/org/apache/derby/derby/10.12.1.1/derby-10.12.1.1.jar
java.vendor=Private Build
java.runtime.version=18.0.2-ea+9-Ubuntu-222.04
user.dir=/home/user/r2rml
os.name=Linux
os.arch=amd64
os.version=5.15.0-84-generic
derby.system.home=null
Database Class Loader started - derby.database.classpath=''
----------------------------------------------------------------
Thu Sep 28 14:08:03 EEST 2023:
Shutting down instance 5b0b480a-018a-db79-26cd-000007262880 on database directory memory:/home/user/r2rml/testing with class loader jdk.internal.loader.ClassLoaders$AppClassLoader@1698c449 
----------------------------------------------------------------
Thu Sep 28 14:08:04 EEST 2023:
Booting Derby version The Apache Software Foundation - Apache Derby - 10.12.1.1 - (1704137): instance 2941c8d6-018a-db79-26cd-000007262880 
on database directory memory:/home/user/r2rml/testing with class loader jdk.internal.loader.ClassLoaders$AppClassLoader@1698c449 
Loaded from file:/home/user/.m2/repository/org/apache/derby/derby/10.12.1.1/derby-10.12.1.1.jar
java.vendor=Private Build
java.runtime.version=18.0.2-ea+9-Ubuntu-222.04
user.dir=/home/user/r2rml
os.name=Linux
os.arch=amd64
os.version=5.15.0-84-generic
derby.system.home=null
Database Class Loader started - derby.database.classpath=''
----------------------------------------------------------------
Thu Sep 28 14:08:04 EEST 2023:
Shutting down instance 2941c8d6-018a-db79-26cd-000007262880 on database directory memory:/home/user/r2rml/testing with class loader jdk.internal.loader.ClassLoaders$AppClassLoader@1698c449 
----------------------------------------------------------------
Thu Sep 28 14:08:05 EEST 2023:
Booting Derby version The Apache Software Foundation - Apache Derby - 10.12.1.1 - (1704137): instance 201c49a2-018a-db79-26cd-000007262880 
on database directory memory:/home/user/r2rml/testing with class loader jdk.internal.loader.ClassLoaders$AppClassLoader@1698c449 
Loaded from file:/home/user/.m2/repository/org/apache/derby/derby/10.12.1.1/derby-10.12.1.1.jar
java.vendor=Private Build
java.runtime.version=18.0.2-ea+9-Ubuntu-222.04
user.dir=/home/user/r2rml
os.name=Linux
os.arch=amd64
os.version=5.15.0-84-generic
derby.system.home=null
Database Class Loader started - derby.database.classpath=''
----------------------------------------------------------------
Thu Sep 28 14:08:05 EEST 2023:
Shutting down instance 201c49a2-018a-db79-26cd-000007262880 on database directory memory:/home/user/r2rml/testing with class loader jdk.internal.loader.ClassLoaders$AppClassLoader@1698c449 
----------------------------------------------------------------
Thu Sep 28 14:08:06 EEST 2023:
Booting Derby version The Apache Software Foundation - Apache Derby - 10.12.1.1 - (1704137): instance 3f9aca6e-018a-db79-26cd-000007262880 
on database directory memory:/home/user/r2rml/testing with class loader jdk.internal.loader.ClassLoaders$AppClassLoader@1698c449 
Loaded from file:/home/user/.m2/repository/org/apache/derby/derby/10.12.1.1/derby-10.12.1.1.jar
java.vendor=Private Build
java.runtime.version=18.0.2-ea+9-Ubuntu-222.04
user.dir=/home/user/r2rml
os.name=Linux
os.arch=amd64
os.version=5.15.0-84-generic
derby.system.home=null
Database Class Loader started - derby.database.classpath=''
----------------------------------------------------------------
Thu Sep 28 14:08:06 EEST 2023:
Shutting down instance 3f9aca6e-018a-db79-26cd-000007262880 on database directory memory:/home/user/r2rml/testing with class loader jdk.internal.loader.ClassLoaders$AppClassLoader@1698c449 
----------------------------------------------------------------
Thu Sep 28 14:08:07 EEST 2023:
Booting Derby version The Apache Software Foundation - Apache Derby - 10.12.1.1 - (1704137): instance 97534b37-018a-db79-26cd-000007262880 
on database directory memory:/home/user/r2rml/testing with class loader jdk.internal.loader.ClassLoaders$AppClassLoader@1698c449 
Loaded from file:/home/user/.m2/repository/org/apache/derby/derby/10.12.1.1/derby-10.12.1.1.jar
java.vendor=Private Build
java.runtime.version=18.0.2-ea+9-Ubuntu-222.04
user.dir=/home/user/r2rml
os.name=Linux
os.arch=amd64
os.version=5.15.0-84-generic
derby.system.home=null
Database Class Loader started - derby.database.classpath=''
----------------------------------------------------------------
Thu Sep 28 14:08:07 EEST 2023:
Shutting down instance 97534b37-018a-db79-26cd-000007262880 on database directory memory:/home/user/r2rml/testing with class loader jdk.internal.loader.ClassLoaders$AppClassLoader@1698c449 
----------------------------------------------------------------
Thu Sep 28 14:08:08 EEST 2023:
Booting Derby version The Apache Software Foundation - Apache Derby - 10.12.1.1 - (1704137): instance a780cc03-018a-db79-26cd-000007262880 
on database directory memory:/home/user/r2rml/testing with class loader jdk.internal.loader.ClassLoaders$AppClassLoader@1698c449 
Loaded from file:/home/user/.m2/repository/org/apache/derby/derby/10.12.1.1/derby-10.12.1.1.jar
java.vendor=Private Build
java.runtime.version=18.0.2-ea+9-Ubuntu-222.04
user.dir=/home/user/r2rml
os.name=Linux
os.arch=amd64
os.version=5.15.0-84-generic
derby.system.home=null
Database Class Loader started - derby.database.classpath=''
----------------------------------------------------------------
Thu Sep 28 14:08:08 EEST 2023:
Shutting down instance a780cc03-018a-db79-26cd-000007262880 on database directory memory:/home/user/r2rml/testing with class loader jdk.internal.loader.ClassLoaders$AppClassLoader@1698c449 
----------------------------------------------------------------
Thu Sep 28 14:08:09 EEST 2023:
Booting Derby version The Apache Software Foundation - Apache Derby - 10.12.1.1 - (1704137): instance 91ee4cd2-018a-db79-26cd-000007262880 
on database directory memory:/home/user/r2rml/testing with class loader jdk.internal.loader.ClassLoaders$AppClassLoader@1698c449 
Loaded from file:/home/user/.m2/repository/org/apache/derby/derby/10.12.1.1/derby-10.12.1.1.jar
java.vendor=Private Build
java.runtime.version=18.0.2-ea+9-Ubuntu-222.04
user.dir=/home/user/r2rml
os.name=Linux
os.arch=amd64
os.version=5.15.0-84-generic
derby.system.home=null
Database Class Loader started - derby.database.classpath=''
----------------------------------------------------------------
Thu Sep 28 14:08:09 EEST 2023:
Shutting down instance 91ee4cd2-018a-db79-26cd-000007262880 on database directory memory:/home/user/r2rml/testing with class loader jdk.internal.loader.ClassLoaders$AppClassLoader@1698c449 
----------------------------------------------------------------
Thu Sep 28 14:08:10 EEST 2023:
Booting Derby version The Apache Software Foundation - Apache Derby - 10.12.1.1 - (1704137): instance 53fccd9e-018a-db79-26cd-000007262880 
on database directory memory:/home/user/r2rml/testing with class loader jdk.internal.loader.ClassLoaders$AppClassLoader@1698c449 
Loaded from file:/home/user/.m2/repository/org/apache/derby/derby/10.12.1.1/derby-10.12.1.1.jar
java.vendor=Private Build
java.runtime.version=18.0.2-ea+9-Ubuntu-222.04
user.dir=/home/user/r2rml
os.name=Linux
os.arch=amd64
os.version=5.15.0-84-generic
derby.system.home=null
Database Class Loader started - derby.database.classpath=''
----------------------------------------------------------------
Thu Sep 28 14:08:12 EEST 2023:
Shutting down instance 53fccd9e-018a-db79-26cd-000007262880 on database directory memory:/home/user/r2rml/testing with class loader jdk.internal.loader.ClassLoaders$AppClassLoader@1698c449 
----------------------------------------------------------------
Thu Sep 28 14:08:12 EEST 2023:
Booting Derby version The Apache Software Foundation - Apache Derby - 10.12.1.1 - (1704137): instance 3eaf4e6a-018a-db79-26cd-000007262880 
on database directory memory:/home/user/r2rml/testing with class loader jdk.internal.loader.ClassLoaders$AppClassLoader@1698c449 
Loaded from file:/home/user/.m2/repository/org/apache/derby/derby/10.12.1.1/derby-10.12.1.1.jar
java.vendor=Private Build
java.runtime.version=18.0.2-ea+9-Ubuntu-222.04
user.dir=/home/user/r2rml
os.name=Linux
os.arch=amd64
os.version=5.15.0-84-generic
derby.system.home=null
Database Class Loader started - derby.database.classpath=''
----------------------------------------------------------------
Thu Sep 28 14:08:13 EEST 2023:
Shutting down instance 3eaf4e6a-018a-db79-26cd-000007262880 on database directory memory:/home/user/r2rml/testing with class loader jdk.internal.loader.ClassLoaders$AppClassLoader@1698c449 
----------------------------------------------------------------
Thu Sep 28 14:08:15 EEST 2023:
Booting Derby version The Apache Software Foundation - Apache Derby - 10.12.1.1 - (1704137): instance 5205cf36-018a-db79-26cd-000007262880 
on database directory memory:/home/user/r2rml/testing with class loader jdk.internal.loader.ClassLoaders$AppClassLoader@1698c449 
Loaded from file:/home/user/.m2/repository/org/apache/derby/derby/10.12.1.1/derby-10.12.1.1.jar
java.vendor=Private Build
java.runtime.version=18.0.2-ea+9-Ubuntu-222.04
user.dir=/home/user/r2rml
os.name=Linux
os.arch=amd64
os.version=5.15.0-84-generic
derby.system.home=null
Database Class Loader started - derby.database.classpath=''
----------------------------------------------------------------
Thu Sep 28 14:08:15 EEST 2023:
Shutting down instance 5205cf36-018a-db79-26cd-000007262880 on database directory memory:/home/user/r2rml/testing with class loader jdk.internal.loader.ClassLoaders$AppClassLoader@1698c449 
